000 (1818963.000.000) 2024-07-23 14:09:48 Job submitted from host: <128.105.68.113:9618?addrs=128.105.68.113-9618+[2607-f388-2200-100-eaeb-d3ff-fea7-d05e]-9618&alias=ap2002.chtc.wisc.edu&noUDP&sock=schedd_2379599_90e0>
...
040 (1818963.000.000) 2024-07-23 14:17:15 Started transferring input files
	Transferring to host: <128.105.68.125:9618?addrs=128.105.68.125-9618+[2607-f388-2200-100-ba3f-d2ff-fe19-86da]-9618&alias=txie-dsigpu4000.chtc.wisc.edu&noUDP&sock=backfill3_2_492594_c8f8_117258>
...
040 (1818963.000.000) 2024-07-23 14:17:15 Finished transferring input files
...
001 (1818963.000.000) 2024-07-23 14:17:16 Job executing on host: <128.105.68.125:9618?addrs=128.105.68.125-9618+[2607-f388-2200-100-ba3f-d2ff-fe19-86da]-9618&alias=txie-dsigpu4000.chtc.wisc.edu&noUDP&sock=startd_2590937_db07>
	SlotName: backfill3_2@txie-dsigpu4000.chtc.wisc.edu
	AvailableGPUs = {  }
	CondorScratchDir = "/var/lib/condor/execute/slot3/dir_3715487"
	Cpus = 1
	Disk = 52455871
	GPUs = 0
	Memory = 153600
...
004 (1818963.000.000) 2024-07-23 14:27:17 Job was evicted.
	(0) CPU times
		Usr 0 00:00:00, Sys 0 00:00:00  -  Run Remote Usage
		Usr 0 00:00:00, Sys 0 00:00:00  -  Run Local Usage
	0  -  Run Bytes Sent By Job
	58242792  -  Run Bytes Received By Job
	Partitionable Resources :      Usage  Request Allocated 
	   Cpus                 :       0.00        1         1 
	   Disk (KB)            : 8786937    52428800  52455871 
	   GPUs                 :                             0 
	   Memory (MB)          :              153600    153600 
	   TimeExecute (s)      :     601                       
	   TimeSlotBusy (s)     :     603                       
...
040 (1818963.000.000) 2024-07-23 14:29:17 Started transferring input files
	Transferring to host: <128.105.68.125:9618?addrs=128.105.68.125-9618+[2607-f388-2200-100-ba3f-d2ff-fe19-86da]-9618&alias=txie-dsigpu4000.chtc.wisc.edu&noUDP&sock=backfill3_2_492594_c8f8_117286>
...
040 (1818963.000.000) 2024-07-23 14:29:17 Finished transferring input files
...
001 (1818963.000.000) 2024-07-23 14:29:18 Job executing on host: <128.105.68.125:9618?addrs=128.105.68.125-9618+[2607-f388-2200-100-ba3f-d2ff-fe19-86da]-9618&alias=txie-dsigpu4000.chtc.wisc.edu&noUDP&sock=startd_2590937_db07>
	SlotName: backfill3_2@txie-dsigpu4000.chtc.wisc.edu
	AvailableGPUs = {  }
	CondorScratchDir = "/var/lib/condor/execute/slot3/dir_3720812"
	Cpus = 1
	Disk = 52455871
	GPUs = 0
	Memory = 153600
...
004 (1818963.000.000) 2024-07-23 14:39:20 Job was evicted.
	(0) CPU times
		Usr 0 00:00:00, Sys 0 00:00:00  -  Run Remote Usage
		Usr 0 00:00:00, Sys 0 00:00:00  -  Run Local Usage
	0  -  Run Bytes Sent By Job
	58242792  -  Run Bytes Received By Job
	Partitionable Resources :    Usage  Request Allocated 
	   Cpus                 :        0        1         1 
	   Disk (KB)            : 90074968 52428800  52455871 
	   GPUs                 :                           0 
	   Memory (MB)          :            153600    153600 
	   TimeExecute (s)      :      602                    
	   TimeSlotBusy (s)     :      603                    
...
040 (1818963.000.000) 2024-07-23 14:41:16 Started transferring input files
	Transferring to host: <128.105.68.125:9618?addrs=128.105.68.125-9618+[2607-f388-2200-100-ba3f-d2ff-fe19-86da]-9618&alias=txie-dsigpu4000.chtc.wisc.edu&noUDP&sock=backfill3_2_492594_c8f8_117314>
...
040 (1818963.000.000) 2024-07-23 14:41:16 Finished transferring input files
...
001 (1818963.000.000) 2024-07-23 14:41:17 Job executing on host: <128.105.68.125:9618?addrs=128.105.68.125-9618+[2607-f388-2200-100-ba3f-d2ff-fe19-86da]-9618&alias=txie-dsigpu4000.chtc.wisc.edu&noUDP&sock=startd_2590937_db07>
	SlotName: backfill3_2@txie-dsigpu4000.chtc.wisc.edu
	AvailableGPUs = {  }
	CondorScratchDir = "/var/lib/condor/execute/slot3/dir_3726195"
	Cpus = 1
	Disk = 52455871
	GPUs = 0
	Memory = 153600
...
021 (1818963.000.000) 2024-07-23 14:41:17 Error from starter on backfill3_2@txie-dsigpu4000.chtc.wisc.edu:
	disk usage exceeded request_disk
	Code 21 Subcode 103
...
004 (1818963.000.000) 2024-07-23 14:41:17 Job was evicted.
	(0) CPU times
		Usr 0 00:00:00, Sys 0 00:00:00  -  Run Remote Usage
		Usr 0 00:00:00, Sys 0 00:00:00  -  Run Local Usage
	0  -  Run Bytes Sent By Job
	58242792  -  Run Bytes Received By Job
	Error from backfill3_2@txie-dsigpu4000.chtc.wisc.edu: disk usage exceeded request_disk
	Partitionable Resources :     Usage  Request Allocated 
	   Cpus                 :         0        1         1 
	   Disk (KB)            : 100000000 52428800  52455871 
	   GPUs                 :                            0 
	   Memory (MB)          :             153600    153600 
	   TimeExecute (s)      :       602                    
	   TimeSlotBusy (s)     :         1                    
...
012 (1818963.000.000) 2024-07-23 14:41:17 Job was held.
	Error from backfill3_2@txie-dsigpu4000.chtc.wisc.edu: disk usage exceeded request_disk
	Code 21 Subcode 103
...
009 (1818963.000.000) 2024-07-23 14:50:14 Job was aborted.
	via condor_rm (by user nmpingel)
...
000 (1818993.000.000) 2024-07-23 14:50:23 Job submitted from host: <128.105.68.113:9618?addrs=128.105.68.113-9618+[2607-f388-2200-100-eaeb-d3ff-fea7-d05e]-9618&alias=ap2002.chtc.wisc.edu&noUDP&sock=schedd_2379599_90e0>
...
040 (1818993.000.000) 2024-07-23 14:52:16 Started transferring input files
	Transferring to host: <128.105.68.125:9618?addrs=128.105.68.125-9618+[2607-f388-2200-100-ba3f-d2ff-fe19-86da]-9618&alias=txie-dsigpu4000.chtc.wisc.edu&noUDP&sock=backfill3_2_492594_c8f8_117333>
...
040 (1818993.000.000) 2024-07-23 14:52:16 Finished transferring input files
...
001 (1818993.000.000) 2024-07-23 14:52:17 Job executing on host: <128.105.68.125:9618?addrs=128.105.68.125-9618+[2607-f388-2200-100-ba3f-d2ff-fe19-86da]-9618&alias=txie-dsigpu4000.chtc.wisc.edu&noUDP&sock=startd_2590937_db07>
	SlotName: backfill3_2@txie-dsigpu4000.chtc.wisc.edu
	AvailableGPUs = {  }
	CondorScratchDir = "/var/lib/condor/execute/slot3/dir_3729966"
	Cpus = 1
	Disk = 157313471
	GPUs = 0
	Memory = 153600
...
004 (1818993.000.000) 2024-07-23 15:02:23 Job was evicted.
	(0) CPU times
		Usr 0 00:00:00, Sys 0 00:00:00  -  Run Remote Usage
		Usr 0 00:00:00, Sys 0 00:00:00  -  Run Local Usage
	0  -  Run Bytes Sent By Job
	58242792  -  Run Bytes Received By Job
	Partitionable Resources :    Usage   Request Allocated 
	   Cpus                 :        0         1         1 
	   Disk (KB)            : 90074967 157286400 157313471 
	   GPUs                 :                            0 
	   Memory (MB)          :             153600    153600 
	   TimeExecute (s)      :      606                     
	   TimeSlotBusy (s)     :      607                     
...
040 (1818993.000.000) 2024-07-23 15:07:24 Started transferring input files
	Transferring to host: <128.105.68.88:9618?addrs=128.105.68.88-9618+[2607-f388-2200-100-632-1ff-feee-d45e]-9618&alias=mem4000.chtc.wisc.edu&noUDP&sock=slot1_9_19331_302b_3291>
...
040 (1818993.000.000) 2024-07-23 15:07:25 Finished transferring input files
...
001 (1818993.000.000) 2024-07-23 15:07:26 Job executing on host: <128.105.68.88:9618?addrs=128.105.68.88-9618+[2607-f388-2200-100-632-1ff-feee-d45e]-9618&alias=mem4000.chtc.wisc.edu&noUDP&sock=startd_19240_9e3f>
	SlotName: slot1_9@mem4000.chtc.wisc.edu
	CondorScratchDir = "/var/lib/condor/execute/slot1/dir_427381"
	Cpus = 1
	Disk = 157367602
	GPUs = 0
	IoHeavy = 0
	Memory = 153600
...
021 (1818993.000.000) 2024-07-23 16:48:43 Error from starter on slot1_9@mem4000.chtc.wisc.edu:
	Docker job has gone over memory limit of 153600 Mb
	Code 34 Subcode 0
...
004 (1818993.000.000) 2024-07-23 16:48:43 Job was evicted.
	(0) CPU times
		Usr 0 00:00:00, Sys 0 00:00:00  -  Run Remote Usage
		Usr 0 00:00:00, Sys 0 00:00:00  -  Run Local Usage
	0  -  Run Bytes Sent By Job
	58242792  -  Run Bytes Received By Job
	Error from slot1_9@mem4000.chtc.wisc.edu: Docker job has gone over memory limit of 153600 Mb
	Partitionable Resources :       Usage   Request Allocated 
	   Cpus                 :        0.00         1         1 
	   Disk (KB)            : 90074970    157286400 157367602 
	   GPUs                 :                               0 
	   IoHeavy              :                               0 
	   Memory (MB)          :                153600    153600 
	   TimeExecute (s)      :      606                        
	   TimeSlotBusy (s)     :     6079                        
...
012 (1818993.000.000) 2024-07-23 16:48:43 Job was held.
	Error from slot1_9@mem4000.chtc.wisc.edu: Docker job has gone over memory limit of 153600 Mb
	Code 34 Subcode 0
...
009 (1818993.000.000) 2024-08-08 06:54:14 Job was aborted.
	via condor_rm (by user nmpingel)
...
